*** Starting uWSGI 2.0.20 (64bit) on [Thu Jun 16 17:12:24 2022] ***
compiled with version: 4.8.5 20150623 (Red Hat 4.8.5-44) on 15 June 2022 07:55:06
os: Linux-3.10.0-1160.66.1.el7.x86_64 #1 SMP Wed May 18 16:02:34 UTC 2022
nodename: localhost.localdomain
machine: x86_64
clock source: unix
detected number of CPU cores: 1
current working directory: /JenkinsTest
writing pidfile to ./uwsgi.pid
detected binary path: /usr/local/bin/uwsgi
!!! no internal routing support, rebuild with pcre support !!!
uWSGI running as root, you can use --uid/--gid/--chroot options
*** WARNING: you are running uWSGI as root !!! (use the --uid flag) *** 
your processes number limit is 3766
your memory page size is 4096 bytes
detected max file descriptor number: 1024
lock engine: pthread robust mutexes
thunder lock: disabled (you can enable it with --thunder-lock)
uwsgi socket 0 bound to UNIX address ./uwsgi.sock fd 3
uWSGI running as root, you can use --uid/--gid/--chroot options
*** WARNING: you are running uWSGI as root !!! (use the --uid flag) *** 
Python version: 3.6.8 (default, Nov 16 2020, 16:55:22)  [GCC 4.8.5 20150623 (Red Hat 4.8.5-44)]
*** Python threads support is disabled. You can enable it with --enable-threads ***
Python main interpreter initialized at 0x19d2020
uWSGI running as root, you can use --uid/--gid/--chroot options
*** WARNING: you are running uWSGI as root !!! (use the --uid flag) *** 
your server socket listen backlog is limited to 100 connections
your mercy for graceful operations on workers is 60 seconds
mapped 218712 bytes (213 KB) for 2 cores
*** Operational MODE: preforking ***
WSGI app 0 (mountpoint='') ready in 1 seconds on interpreter 0x19d2020 pid: 3784 (default app)
uWSGI running as root, you can use --uid/--gid/--chroot options
*** WARNING: you are running uWSGI as root !!! (use the --uid flag) *** 
*** uWSGI is running in multiple interpreter mode ***
spawned uWSGI master process (pid: 3784)
spawned uWSGI worker 1 (pid: 3793, cores: 1)
spawned uWSGI worker 2 (pid: 3794, cores: 1)
Thu Jun 16 17:12:46 2022 - uWSGI worker 1 screams: UAAAAAAH my master disconnected: i will kill myself !!!
Thu Jun 16 17:12:46 2022 - uWSGI worker 2 screams: UAAAAAAH my master disconnected: i will kill myself !!!
*** Starting uWSGI 2.0.20 (64bit) on [Thu Jun 16 17:16:18 2022] ***
compiled with version: 4.8.5 20150623 (Red Hat 4.8.5-44) on 15 June 2022 07:55:06
os: Linux-3.10.0-1160.66.1.el7.x86_64 #1 SMP Wed May 18 16:02:34 UTC 2022
nodename: localhost.localdomain
machine: x86_64
clock source: unix
detected number of CPU cores: 1
current working directory: /JenkinsTest
writing pidfile to ./uwsgi.pid
detected binary path: /usr/local/bin/uwsgi
!!! no internal routing support, rebuild with pcre support !!!
uWSGI running as root, you can use --uid/--gid/--chroot options
*** WARNING: you are running uWSGI as root !!! (use the --uid flag) *** 
your processes number limit is 3766
your memory page size is 4096 bytes
detected max file descriptor number: 1024
lock engine: pthread robust mutexes
thunder lock: disabled (you can enable it with --thunder-lock)
uwsgi socket 0 bound to UNIX address ./uwsgi.sock fd 3
uWSGI running as root, you can use --uid/--gid/--chroot options
*** WARNING: you are running uWSGI as root !!! (use the --uid flag) *** 
Python version: 3.6.8 (default, Nov 16 2020, 16:55:22)  [GCC 4.8.5 20150623 (Red Hat 4.8.5-44)]
*** Python threads support is disabled. You can enable it with --enable-threads ***
Python main interpreter initialized at 0x22e3030
uWSGI running as root, you can use --uid/--gid/--chroot options
*** WARNING: you are running uWSGI as root !!! (use the --uid flag) *** 
your server socket listen backlog is limited to 100 connections
your mercy for graceful operations on workers is 60 seconds
mapped 218712 bytes (213 KB) for 2 cores
*** Operational MODE: preforking ***
WSGI app 0 (mountpoint='') ready in 2 seconds on interpreter 0x22e3030 pid: 4175 (default app)
uWSGI running as root, you can use --uid/--gid/--chroot options
*** WARNING: you are running uWSGI as root !!! (use the --uid flag) *** 
*** uWSGI is running in multiple interpreter mode ***
spawned uWSGI master process (pid: 4175)
spawned uWSGI worker 1 (pid: 4185, cores: 1)
spawned uWSGI worker 2 (pid: 4186, cores: 1)
[pid: 4185|app: 0|req: 1/1] 192.168.11.1 () {48 vars in 925 bytes} [Thu Jun 16 17:19:28 2022] POST /delSequence => generated 9177 bytes in 296 msecs (HTTP/1.1 200) 2 headers in 81 bytes (1 switches on core 0)
[pid: 4185|app: 0|req: 2/2] 192.168.11.1 () {48 vars in 925 bytes} [Thu Jun 16 17:19:37 2022] POST /delSequence => generated 9177 bytes in 268 msecs (HTTP/1.1 200) 2 headers in 81 bytes (1 switches on core 0)
Thu Jun 16 17:25:07 2022 - uWSGI worker 1 screams: UAAAAAAH my master disconnected: i will kill myself !!!
Thu Jun 16 17:25:07 2022 - uWSGI worker 2 screams: UAAAAAAH my master disconnected: i will kill myself !!!
*** Starting uWSGI 2.0.20 (64bit) on [Thu Jun 16 17:45:58 2022] ***
compiled with version: 4.8.5 20150623 (Red Hat 4.8.5-44) on 15 June 2022 07:55:06
os: Linux-3.10.0-1160.66.1.el7.x86_64 #1 SMP Wed May 18 16:02:34 UTC 2022
nodename: localhost.localdomain
machine: x86_64
clock source: unix
detected number of CPU cores: 1
current working directory: /JenkinsTest
writing pidfile to ./uwsgi.pid
detected binary path: /usr/local/bin/uwsgi
!!! no internal routing support, rebuild with pcre support !!!
uWSGI running as root, you can use --uid/--gid/--chroot options
*** WARNING: you are running uWSGI as root !!! (use the --uid flag) *** 
your processes number limit is 3766
your memory page size is 4096 bytes
detected max file descriptor number: 1024
lock engine: pthread robust mutexes
thunder lock: disabled (you can enable it with --thunder-lock)
uwsgi socket 0 bound to UNIX address ./uwsgi.sock fd 3
uWSGI running as root, you can use --uid/--gid/--chroot options
*** WARNING: you are running uWSGI as root !!! (use the --uid flag) *** 
Python version: 3.6.8 (default, Nov 16 2020, 16:55:22)  [GCC 4.8.5 20150623 (Red Hat 4.8.5-44)]
*** Python threads support is disabled. You can enable it with --enable-threads ***
Python main interpreter initialized at 0x1df4030
uWSGI running as root, you can use --uid/--gid/--chroot options
*** WARNING: you are running uWSGI as root !!! (use the --uid flag) *** 
your server socket listen backlog is limited to 100 connections
your mercy for graceful operations on workers is 60 seconds
mapped 218712 bytes (213 KB) for 2 cores
*** Operational MODE: preforking ***
WSGI app 0 (mountpoint='') ready in 2 seconds on interpreter 0x1df4030 pid: 6637 (default app)
uWSGI running as root, you can use --uid/--gid/--chroot options
*** WARNING: you are running uWSGI as root !!! (use the --uid flag) *** 
*** uWSGI is running in multiple interpreter mode ***
spawned uWSGI master process (pid: 6637)
spawned uWSGI worker 1 (pid: 6646, cores: 1)
spawned uWSGI worker 2 (pid: 6647, cores: 1)
[pid: 6647|app: 0|req: 1/1] 192.168.11.1 () {48 vars in 925 bytes} [Thu Jun 16 17:46:11 2022] POST /delSequence => generated 5722 bytes in 13 msecs (HTTP/1.1 200) 2 headers in 81 bytes (1 switches on core 0)
SIGINT/SIGTERM received...killing workers...
worker 1 buried after 1 seconds
worker 2 buried after 1 seconds
goodbye to uWSGI.
VACUUM: pidfile removed.
VACUUM: unix socket ./uwsgi.sock removed.
*** Starting uWSGI 2.0.20 (64bit) on [Thu Jun 16 17:50:13 2022] ***
compiled with version: 4.8.5 20150623 (Red Hat 4.8.5-44) on 15 June 2022 07:55:06
os: Linux-3.10.0-1160.66.1.el7.x86_64 #1 SMP Wed May 18 16:02:34 UTC 2022
nodename: localhost.localdomain
machine: x86_64
clock source: unix
detected number of CPU cores: 1
current working directory: /JenkinsTest
writing pidfile to ./uwsgi.pid
detected binary path: /usr/local/bin/uwsgi
!!! no internal routing support, rebuild with pcre support !!!
uWSGI running as root, you can use --uid/--gid/--chroot options
*** WARNING: you are running uWSGI as root !!! (use the --uid flag) *** 
your processes number limit is 3766
your memory page size is 4096 bytes
detected max file descriptor number: 1024
lock engine: pthread robust mutexes
thunder lock: disabled (you can enable it with --thunder-lock)
uwsgi socket 0 bound to UNIX address ./uwsgi.sock fd 3
uWSGI running as root, you can use --uid/--gid/--chroot options
*** WARNING: you are running uWSGI as root !!! (use the --uid flag) *** 
Python version: 3.6.8 (default, Nov 16 2020, 16:55:22)  [GCC 4.8.5 20150623 (Red Hat 4.8.5-44)]
*** Python threads support is disabled. You can enable it with --enable-threads ***
Python main interpreter initialized at 0x1695ff0
uWSGI running as root, you can use --uid/--gid/--chroot options
*** WARNING: you are running uWSGI as root !!! (use the --uid flag) *** 
your server socket listen backlog is limited to 100 connections
your mercy for graceful operations on workers is 60 seconds
mapped 218712 bytes (213 KB) for 2 cores
*** Operational MODE: preforking ***
WSGI app 0 (mountpoint='') ready in 1 seconds on interpreter 0x1695ff0 pid: 2835 (default app)
uWSGI running as root, you can use --uid/--gid/--chroot options
*** WARNING: you are running uWSGI as root !!! (use the --uid flag) *** 
*** uWSGI is running in multiple interpreter mode ***
spawned uWSGI master process (pid: 2835)
spawned uWSGI worker 1 (pid: 2851, cores: 1)
spawned uWSGI worker 2 (pid: 2852, cores: 1)
[pid: 2851|app: 0|req: 1/1] 192.168.11.1 () {48 vars in 925 bytes} [Thu Jun 16 17:50:18 2022] POST /delSequence => generated 5722 bytes in 15 msecs (HTTP/1.1 200) 2 headers in 81 bytes (1 switches on core 0)
SIGINT/SIGTERM received...killing workers...
worker 1 buried after 1 seconds
worker 2 buried after 1 seconds
goodbye to uWSGI.
VACUUM: pidfile removed.
VACUUM: unix socket ./uwsgi.sock removed.
*** Starting uWSGI 2.0.20 (64bit) on [Thu Jun 16 18:14:18 2022] ***
compiled with version: 4.8.5 20150623 (Red Hat 4.8.5-44) on 15 June 2022 07:55:06
os: Linux-3.10.0-1160.66.1.el7.x86_64 #1 SMP Wed May 18 16:02:34 UTC 2022
nodename: localhost.localdomain
machine: x86_64
clock source: unix
detected number of CPU cores: 1
current working directory: /JenkinsTest
writing pidfile to ./uwsgi.pid
detected binary path: /usr/local/bin/uwsgi
!!! no internal routing support, rebuild with pcre support !!!
uWSGI running as root, you can use --uid/--gid/--chroot options
*** WARNING: you are running uWSGI as root !!! (use the --uid flag) *** 
your processes number limit is 3766
your memory page size is 4096 bytes
detected max file descriptor number: 1024
lock engine: pthread robust mutexes
thunder lock: disabled (you can enable it with --thunder-lock)
uwsgi socket 0 bound to UNIX address ./uwsgi.sock fd 3
uWSGI running as root, you can use --uid/--gid/--chroot options
*** WARNING: you are running uWSGI as root !!! (use the --uid flag) *** 
Python version: 3.6.8 (default, Nov 16 2020, 16:55:22)  [GCC 4.8.5 20150623 (Red Hat 4.8.5-44)]
*** Python threads support is disabled. You can enable it with --enable-threads ***
Python main interpreter initialized at 0x1bc7020
uWSGI running as root, you can use --uid/--gid/--chroot options
*** WARNING: you are running uWSGI as root !!! (use the --uid flag) *** 
your server socket listen backlog is limited to 100 connections
your mercy for graceful operations on workers is 60 seconds
mapped 218712 bytes (213 KB) for 2 cores
*** Operational MODE: preforking ***
WSGI app 0 (mountpoint='') ready in 1 seconds on interpreter 0x1bc7020 pid: 4667 (default app)
uWSGI running as root, you can use --uid/--gid/--chroot options
*** WARNING: you are running uWSGI as root !!! (use the --uid flag) *** 
*** uWSGI is running in multiple interpreter mode ***
spawned uWSGI master process (pid: 4667)
spawned uWSGI worker 1 (pid: 4676, cores: 1)
spawned uWSGI worker 2 (pid: 4677, cores: 1)
Thu Jun 16 18:19:58 2022 - uWSGI worker 1 screams: UAAAAAAH my master disconnected: i will kill myself !!!
Thu Jun 16 18:19:58 2022 - uWSGI worker 2 screams: UAAAAAAH my master disconnected: i will kill myself !!!
*** Starting uWSGI 2.0.20 (64bit) on [Thu Jun 16 18:29:45 2022] ***
compiled with version: 4.8.5 20150623 (Red Hat 4.8.5-44) on 15 June 2022 07:55:06
os: Linux-3.10.0-1160.66.1.el7.x86_64 #1 SMP Wed May 18 16:02:34 UTC 2022
nodename: localhost.localdomain
machine: x86_64
clock source: unix
detected number of CPU cores: 1
current working directory: /JenkinsTest
writing pidfile to ./uwsgi.pid
detected binary path: /usr/local/bin/uwsgi
!!! no internal routing support, rebuild with pcre support !!!
uWSGI running as root, you can use --uid/--gid/--chroot options
*** WARNING: you are running uWSGI as root !!! (use the --uid flag) *** 
your processes number limit is 3766
your memory page size is 4096 bytes
detected max file descriptor number: 1024
lock engine: pthread robust mutexes
thunder lock: disabled (you can enable it with --thunder-lock)
uwsgi socket 0 bound to UNIX address ./uwsgi.sock fd 3
uWSGI running as root, you can use --uid/--gid/--chroot options
*** WARNING: you are running uWSGI as root !!! (use the --uid flag) *** 
Python version: 3.6.8 (default, Nov 16 2020, 16:55:22)  [GCC 4.8.5 20150623 (Red Hat 4.8.5-44)]
*** Python threads support is disabled. You can enable it with --enable-threads ***
Python main interpreter initialized at 0x1fe7ff0
uWSGI running as root, you can use --uid/--gid/--chroot options
*** WARNING: you are running uWSGI as root !!! (use the --uid flag) *** 
your server socket listen backlog is limited to 100 connections
your mercy for graceful operations on workers is 60 seconds
mapped 218712 bytes (213 KB) for 2 cores
*** Operational MODE: preforking ***
WSGI app 0 (mountpoint='') ready in 2 seconds on interpreter 0x1fe7ff0 pid: 2869 (default app)
uWSGI running as root, you can use --uid/--gid/--chroot options
*** WARNING: you are running uWSGI as root !!! (use the --uid flag) *** 
*** uWSGI is running in multiple interpreter mode ***
spawned uWSGI master process (pid: 2869)
spawned uWSGI worker 1 (pid: 2878, cores: 1)
spawned uWSGI worker 2 (pid: 2879, cores: 1)
[pid: 2879|app: 0|req: 1/1] 192.168.11.1 () {48 vars in 925 bytes} [Thu Jun 16 18:29:49 2022] POST /delSequence => generated 9177 bytes in 352 msecs (HTTP/1.1 200) 2 headers in 81 bytes (1 switches on core 0)
SIGINT/SIGTERM received...killing workers...
worker 1 buried after 1 seconds
worker 2 buried after 1 seconds
goodbye to uWSGI.
VACUUM: pidfile removed.
unlink(): No such file or directory [core/uwsgi.c line 1662]
*** Starting uWSGI 2.0.20 (64bit) on [Thu Jun 16 18:35:03 2022] ***
compiled with version: 4.8.5 20150623 (Red Hat 4.8.5-44) on 15 June 2022 07:55:06
os: Linux-3.10.0-1160.66.1.el7.x86_64 #1 SMP Wed May 18 16:02:34 UTC 2022
nodename: localhost.localdomain
machine: x86_64
clock source: unix
detected number of CPU cores: 1
current working directory: /JenkinsTest
writing pidfile to ./uwsgi.pid
detected binary path: /usr/local/bin/uwsgi
!!! no internal routing support, rebuild with pcre support !!!
uWSGI running as root, you can use --uid/--gid/--chroot options
*** WARNING: you are running uWSGI as root !!! (use the --uid flag) *** 
your processes number limit is 3766
your memory page size is 4096 bytes
detected max file descriptor number: 1024
lock engine: pthread robust mutexes
thunder lock: disabled (you can enable it with --thunder-lock)
uwsgi socket 0 bound to UNIX address ./uwsgi.sock fd 3
uWSGI running as root, you can use --uid/--gid/--chroot options
*** WARNING: you are running uWSGI as root !!! (use the --uid flag) *** 
Python version: 3.6.8 (default, Nov 16 2020, 16:55:22)  [GCC 4.8.5 20150623 (Red Hat 4.8.5-44)]
*** Python threads support is disabled. You can enable it with --enable-threads ***
Python main interpreter initialized at 0x1e23ff0
uWSGI running as root, you can use --uid/--gid/--chroot options
*** WARNING: you are running uWSGI as root !!! (use the --uid flag) *** 
your server socket listen backlog is limited to 100 connections
your mercy for graceful operations on workers is 60 seconds
mapped 218712 bytes (213 KB) for 2 cores
*** Operational MODE: preforking ***
WSGI app 0 (mountpoint='') ready in 1 seconds on interpreter 0x1e23ff0 pid: 2755 (default app)
uWSGI running as root, you can use --uid/--gid/--chroot options
*** WARNING: you are running uWSGI as root !!! (use the --uid flag) *** 
*** uWSGI is running in multiple interpreter mode ***
spawned uWSGI master process (pid: 2755)
spawned uWSGI worker 1 (pid: 2764, cores: 1)
spawned uWSGI worker 2 (pid: 2765, cores: 1)
*** Starting uWSGI 2.0.20 (64bit) on [Thu Jun 16 18:37:30 2022] ***
compiled with version: 4.8.5 20150623 (Red Hat 4.8.5-44) on 15 June 2022 07:55:06
os: Linux-3.10.0-1160.66.1.el7.x86_64 #1 SMP Wed May 18 16:02:34 UTC 2022
nodename: localhost.localdomain
machine: x86_64
clock source: unix
detected number of CPU cores: 1
current working directory: /JenkinsTest
writing pidfile to ./uwsgi.pid
detected binary path: /usr/local/bin/uwsgi
!!! no internal routing support, rebuild with pcre support !!!
uWSGI running as root, you can use --uid/--gid/--chroot options
*** WARNING: you are running uWSGI as root !!! (use the --uid flag) *** 
your processes number limit is 3766
your memory page size is 4096 bytes
detected max file descriptor number: 1024
lock engine: pthread robust mutexes
thunder lock: disabled (you can enable it with --thunder-lock)
uwsgi socket 0 bound to UNIX address ./uwsgi.sock fd 3
uWSGI running as root, you can use --uid/--gid/--chroot options
*** WARNING: you are running uWSGI as root !!! (use the --uid flag) *** 
Python version: 3.6.8 (default, Nov 16 2020, 16:55:22)  [GCC 4.8.5 20150623 (Red Hat 4.8.5-44)]
*** Python threads support is disabled. You can enable it with --enable-threads ***
Python main interpreter initialized at 0x15a8e50
uWSGI running as root, you can use --uid/--gid/--chroot options
*** WARNING: you are running uWSGI as root !!! (use the --uid flag) *** 
your server socket listen backlog is limited to 100 connections
your mercy for graceful operations on workers is 60 seconds
mapped 218712 bytes (213 KB) for 2 cores
*** Operational MODE: preforking ***
WSGI app 0 (mountpoint='') ready in 1 seconds on interpreter 0x15a8e50 pid: 3104 (default app)
uWSGI running as root, you can use --uid/--gid/--chroot options
*** WARNING: you are running uWSGI as root !!! (use the --uid flag) *** 
*** uWSGI is running in multiple interpreter mode ***
spawned uWSGI master process (pid: 3104)
spawned uWSGI worker 1 (pid: 3120, cores: 1)
spawned uWSGI worker 2 (pid: 3121, cores: 1)
SIGINT/SIGTERM received...killing workers...
...brutally killing workers...
Thu Jun 16 18:37:46 2022 - received message 0 from emperor
worker 1 buried after 1 seconds
worker 2 buried after 1 seconds
goodbye to uWSGI.
VACUUM: pidfile removed.
VACUUM WARNING: unix socket ./uwsgi.sock changed inode. Skip removal
worker 1 buried after 1 seconds
worker 2 buried after 1 seconds
binary reloading uWSGI...
chdir() to /JenkinsTest
closing all non-uwsgi socket fds > 2 (max_fd = 1024)...
found fd 3 mapped to socket 0 (./uwsgi.sock)
running /usr/local/bin/uwsgi
*** has_emperor mode detected (fd: 7) ***
[uWSGI] getting INI configuration from uwsgi.ini
*** Starting uWSGI 2.0.20 (64bit) on [Thu Jun 16 18:37:47 2022] ***
compiled with version: 4.8.5 20150623 (Red Hat 4.8.5-44) on 15 June 2022 07:55:06
os: Linux-3.10.0-1160.66.1.el7.x86_64 #1 SMP Wed May 18 16:02:34 UTC 2022
nodename: localhost.localdomain
machine: x86_64
clock source: unix
detected number of CPU cores: 1
current working directory: /JenkinsTest
detected binary path: /usr/local/bin/uwsgi
!!! no internal routing support, rebuild with pcre support !!!
uWSGI running as root, you can use --uid/--gid/--chroot options
*** WARNING: you are running uWSGI as root !!! (use the --uid flag) *** 
your processes number limit is 3766
your memory page size is 4096 bytes
detected max file descriptor number: 1024
lock engine: pthread robust mutexes
thunder lock: disabled (you can enable it with --thunder-lock)
uwsgi socket 0 inherited UNIX address ./uwsgi.sock fd 3
uWSGI running as root, you can use --uid/--gid/--chroot options
*** WARNING: you are running uWSGI as root !!! (use the --uid flag) *** 
Python version: 3.6.8 (default, Nov 16 2020, 16:55:22)  [GCC 4.8.5 20150623 (Red Hat 4.8.5-44)]
*** Python threads support is disabled. You can enable it with --enable-threads ***
Python main interpreter initialized at 0xba5e10
uWSGI running as root, you can use --uid/--gid/--chroot options
*** WARNING: you are running uWSGI as root !!! (use the --uid flag) *** 
your server socket listen backlog is limited to 100 connections
your mercy for graceful operations on workers is 60 seconds
mapped 218712 bytes (213 KB) for 2 cores
*** Operational MODE: preforking ***
WSGI app 0 (mountpoint='') ready in 1 seconds on interpreter 0xba5e10 pid: 3104 (default app)
uWSGI running as root, you can use --uid/--gid/--chroot options
*** WARNING: you are running uWSGI as root !!! (use the --uid flag) *** 
*** uWSGI is running in multiple interpreter mode ***
gracefully (RE)spawned uWSGI master process (pid: 3104)
spawned uWSGI worker 1 (pid: 3272, cores: 1)
spawned uWSGI worker 2 (pid: 3273, cores: 1)
emperor-i-am-ready-to-accept/write(): Bad file descriptor [core/uwsgi.c line 3578]
Thu Jun 16 18:37:48 2022 - lost communication with the Emperor, goodbye...
Thu Jun 16 18:37:48 2022 - graceful shutdown triggered...
Gracefully killing worker 1 (pid: 3272)...
worker 1 killed successfully (pid: 3272)
Respawned uWSGI worker 1 (new pid: 3315)
emperor-i-am-ready-to-accept/write(): Bad file descriptor [core/uwsgi.c line 3578]
Thu Jun 16 18:37:49 2022 - lost communication with the Emperor, goodbye...
Thu Jun 16 18:37:49 2022 - graceful shutdown triggered...
Gracefully killing worker 1 (pid: 3315)...
worker 1 killed successfully (pid: 3315)
Respawned uWSGI worker 1 (new pid: 3457)
emperor-i-am-ready-to-accept/write(): Bad file descriptor [core/uwsgi.c line 3578]
Thu Jun 16 18:37:50 2022 - lost communication with the Emperor, goodbye...
Thu Jun 16 18:37:50 2022 - graceful shutdown triggered...
Gracefully killing worker 1 (pid: 3457)...
worker 1 killed successfully (pid: 3457)
worker respawning too fast !!! i have to sleep a bit (2 seconds)...
Respawned uWSGI worker 1 (new pid: 3458)
emperor-i-am-ready-to-accept/write(): Bad file descriptor [core/uwsgi.c line 3578]
Thu Jun 16 18:37:53 2022 - lost communication with the Emperor, goodbye...
Thu Jun 16 18:37:53 2022 - graceful shutdown triggered...
Gracefully killing worker 1 (pid: 3458)...
worker 1 killed successfully (pid: 3458)
Respawned uWSGI worker 1 (new pid: 3459)
emperor-i-am-ready-to-accept/write(): Bad file descriptor [core/uwsgi.c line 3578]
Thu Jun 16 18:37:54 2022 - lost communication with the Emperor, goodbye...
Thu Jun 16 18:37:54 2022 - graceful shutdown triggered...
Gracefully killing worker 1 (pid: 3459)...
worker 1 killed successfully (pid: 3459)
Respawned uWSGI worker 1 (new pid: 3460)
emperor-i-am-ready-to-accept/write(): Bad file descriptor [core/uwsgi.c line 3578]
Thu Jun 16 18:37:55 2022 - lost communication with the Emperor, goodbye...
Thu Jun 16 18:37:55 2022 - graceful shutdown triggered...
Gracefully killing worker 1 (pid: 3460)...
worker 1 killed successfully (pid: 3460)
worker respawning too fast !!! i have to sleep a bit (2 seconds)...
Respawned uWSGI worker 1 (new pid: 3461)
emperor-i-am-ready-to-accept/write(): Bad file descriptor [core/uwsgi.c line 3578]
Thu Jun 16 18:37:58 2022 - lost communication with the Emperor, goodbye...
Thu Jun 16 18:37:58 2022 - graceful shutdown triggered...
Gracefully killing worker 1 (pid: 3461)...
worker 1 killed successfully (pid: 3461)
Respawned uWSGI worker 1 (new pid: 3462)
emperor-i-am-ready-to-accept/write(): Bad file descriptor [core/uwsgi.c line 3578]
Thu Jun 16 18:37:59 2022 - lost communication with the Emperor, goodbye...
Thu Jun 16 18:37:59 2022 - graceful shutdown triggered...
Gracefully killing worker 1 (pid: 3462)...
worker 1 killed successfully (pid: 3462)
Respawned uWSGI worker 1 (new pid: 3463)
emperor-i-am-ready-to-accept/write(): Bad file descriptor [core/uwsgi.c line 3578]
Thu Jun 16 18:38:00 2022 - lost communication with the Emperor, goodbye...
Thu Jun 16 18:38:00 2022 - graceful shutdown triggered...
Gracefully killing worker 1 (pid: 3463)...
worker 1 killed successfully (pid: 3463)
worker respawning too fast !!! i have to sleep a bit (2 seconds)...
Respawned uWSGI worker 1 (new pid: 3464)
emperor-i-am-ready-to-accept/write(): Bad file descriptor [core/uwsgi.c line 3578]
Thu Jun 16 18:38:03 2022 - lost communication with the Emperor, goodbye...
Thu Jun 16 18:38:03 2022 - graceful shutdown triggered...
Gracefully killing worker 1 (pid: 3464)...
worker 1 killed successfully (pid: 3464)
Respawned uWSGI worker 1 (new pid: 3465)
emperor-i-am-ready-to-accept/write(): Bad file descriptor [core/uwsgi.c line 3578]
Thu Jun 16 18:38:04 2022 - lost communication with the Emperor, goodbye...
Thu Jun 16 18:38:04 2022 - graceful shutdown triggered...
Gracefully killing worker 1 (pid: 3465)...
worker 1 killed successfully (pid: 3465)
Respawned uWSGI worker 1 (new pid: 3466)
emperor-i-am-ready-to-accept/write(): Bad file descriptor [core/uwsgi.c line 3578]
Thu Jun 16 18:38:05 2022 - lost communication with the Emperor, goodbye...
Thu Jun 16 18:38:05 2022 - graceful shutdown triggered...
Gracefully killing worker 1 (pid: 3466)...
worker 1 killed successfully (pid: 3466)
worker respawning too fast !!! i have to sleep a bit (2 seconds)...
Respawned uWSGI worker 1 (new pid: 3467)
emperor-i-am-ready-to-accept/write(): Bad file descriptor [core/uwsgi.c line 3578]
Thu Jun 16 18:38:08 2022 - lost communication with the Emperor, goodbye...
Thu Jun 16 18:38:08 2022 - graceful shutdown triggered...
Gracefully killing worker 1 (pid: 3467)...
worker 1 killed successfully (pid: 3467)
Respawned uWSGI worker 1 (new pid: 3468)
emperor-i-am-ready-to-accept/write(): Bad file descriptor [core/uwsgi.c line 3578]
Thu Jun 16 18:38:09 2022 - lost communication with the Emperor, goodbye...
Thu Jun 16 18:38:09 2022 - graceful shutdown triggered...
Gracefully killing worker 1 (pid: 3468)...
worker 1 killed successfully (pid: 3468)
Respawned uWSGI worker 1 (new pid: 3469)
emperor-i-am-ready-to-accept/write(): Bad file descriptor [core/uwsgi.c line 3578]
Thu Jun 16 18:38:10 2022 - lost communication with the Emperor, goodbye...
Thu Jun 16 18:38:10 2022 - graceful shutdown triggered...
Gracefully killing worker 1 (pid: 3469)...
worker 1 killed successfully (pid: 3469)
worker respawning too fast !!! i have to sleep a bit (2 seconds)...
Respawned uWSGI worker 1 (new pid: 3470)
emperor-i-am-ready-to-accept/write(): Bad file descriptor [core/uwsgi.c line 3578]
Thu Jun 16 18:38:13 2022 - lost communication with the Emperor, goodbye...
Thu Jun 16 18:38:13 2022 - graceful shutdown triggered...
Gracefully killing worker 1 (pid: 3470)...
worker 1 killed successfully (pid: 3470)
Respawned uWSGI worker 1 (new pid: 3471)
emperor-i-am-ready-to-accept/write(): Bad file descriptor [core/uwsgi.c line 3578]
Thu Jun 16 18:38:14 2022 - lost communication with the Emperor, goodbye...
Thu Jun 16 18:38:14 2022 - graceful shutdown triggered...
Gracefully killing worker 1 (pid: 3471)...
worker 1 killed successfully (pid: 3471)
Respawned uWSGI worker 1 (new pid: 3472)
emperor-i-am-ready-to-accept/write(): Bad file descriptor [core/uwsgi.c line 3578]
Thu Jun 16 18:38:15 2022 - lost communication with the Emperor, goodbye...
Thu Jun 16 18:38:15 2022 - graceful shutdown triggered...
Gracefully killing worker 1 (pid: 3472)...
Thu Jun 16 18:38:16 2022 - uWSGI worker 2 screams: UAAAAAAH my master disconnected: i will kill myself !!!
*** Starting uWSGI 2.0.20 (64bit) on [Thu Jun 16 18:38:30 2022] ***
compiled with version: 4.8.5 20150623 (Red Hat 4.8.5-44) on 15 June 2022 07:55:06
os: Linux-3.10.0-1160.66.1.el7.x86_64 #1 SMP Wed May 18 16:02:34 UTC 2022
nodename: localhost.localdomain
machine: x86_64
clock source: unix
detected number of CPU cores: 1
current working directory: /JenkinsTest
writing pidfile to ./uwsgi.pid
detected binary path: /usr/local/bin/uwsgi
!!! no internal routing support, rebuild with pcre support !!!
uWSGI running as root, you can use --uid/--gid/--chroot options
*** WARNING: you are running uWSGI as root !!! (use the --uid flag) *** 
your processes number limit is 3766
your memory page size is 4096 bytes
detected max file descriptor number: 1024
lock engine: pthread robust mutexes
thunder lock: disabled (you can enable it with --thunder-lock)
uwsgi socket 0 bound to UNIX address ./uwsgi.sock fd 3
uWSGI running as root, you can use --uid/--gid/--chroot options
*** WARNING: you are running uWSGI as root !!! (use the --uid flag) *** 
Python version: 3.6.8 (default, Nov 16 2020, 16:55:22)  [GCC 4.8.5 20150623 (Red Hat 4.8.5-44)]
*** Python threads support is disabled. You can enable it with --enable-threads ***
Python main interpreter initialized at 0x2084e50
uWSGI running as root, you can use --uid/--gid/--chroot options
*** WARNING: you are running uWSGI as root !!! (use the --uid flag) *** 
your server socket listen backlog is limited to 100 connections
your mercy for graceful operations on workers is 60 seconds
mapped 218712 bytes (213 KB) for 2 cores
*** Operational MODE: preforking ***
WSGI app 0 (mountpoint='') ready in 6 seconds on interpreter 0x2084e50 pid: 656 (default app)
uWSGI running as root, you can use --uid/--gid/--chroot options
*** WARNING: you are running uWSGI as root !!! (use the --uid flag) *** 
*** uWSGI is running in multiple interpreter mode ***
spawned uWSGI master process (pid: 656)
spawned uWSGI worker 1 (pid: 1429, cores: 1)
spawned uWSGI worker 2 (pid: 1430, cores: 1)
[pid: 1430|app: 0|req: 1/1] 192.168.11.1 () {48 vars in 925 bytes} [Thu Jun 16 18:39:49 2022] POST /delSequence => generated 9177 bytes in 377 msecs (HTTP/1.1 200) 2 headers in 81 bytes (1 switches on core 0)
announcing my loyalty to the Emperor...
[2022-06-16 18:39:53,187] ERROR in app: Exception on /delImplement [POST]
Traceback (most recent call last):
  File "/usr/local/lib64/python3.6/site-packages/flask/app.py", line 2073, in wsgi_app
    response = self.full_dispatch_request()
  File "/usr/local/lib64/python3.6/site-packages/flask/app.py", line 1518, in full_dispatch_request
    rv = self.handle_user_exception(e)
  File "/usr/local/lib64/python3.6/site-packages/flask/app.py", line 1516, in full_dispatch_request
    rv = self.dispatch_request()
  File "/usr/local/lib64/python3.6/site-packages/flask/app.py", line 1502, in dispatch_request
    return self.ensure_sync(self.view_functions[rule.endpoint])(**req.view_args)
  File "./ShotgridAMI.py", line 73, in delImplement
    sg.delete('Sequence',int(dataDictForm[nextKey]))
  File "/usr/local/lib/python3.6/site-packages/shotgun_api3/shotgun.py", line 1477, in delete
    return self._call_rpc("delete", params)
  File "/usr/local/lib/python3.6/site-packages/shotgun_api3/shotgun.py", line 3368, in _call_rpc
    req_headers,
  File "/usr/local/lib/python3.6/site-packages/shotgun_api3/shotgun.py", line 3522, in _make_call
    return self._http_request(verb, path, body, req_headers)
  File "/usr/local/lib/python3.6/site-packages/shotgun_api3/shotgun.py", line 3576, in _http_request
    resp, content = conn.request(url, method=verb, body=body, headers=headers)
  File "/usr/local/lib/python3.6/site-packages/shotgun_api3/lib/httplib2/python3/__init__.py", line 1709, in request
    conn, authority, uri, request_uri, method, body, headers, redirections, cachekey,
  File "/usr/local/lib/python3.6/site-packages/shotgun_api3/lib/httplib2/python3/__init__.py", line 1424, in _request
    (response, content) = self._conn_request(conn, request_uri, method, body, headers)
  File "/usr/local/lib/python3.6/site-packages/shotgun_api3/lib/httplib2/python3/__init__.py", line 1376, in _conn_request
    response = conn.getresponse()
  File "/usr/lib64/python3.6/http/client.py", line 1346, in getresponse
    response.begin()
  File "/usr/lib64/python3.6/http/client.py", line 307, in begin
    version, status, reason = self._read_status()
  File "/usr/lib64/python3.6/http/client.py", line 268, in _read_status
    line = str(self.fp.readline(_MAXLINE + 1), "iso-8859-1")
  File "/usr/lib64/python3.6/socket.py", line 586, in readinto
    return self._sock.recv_into(b)
  File "/usr/lib64/python3.6/ssl.py", line 971, in recv_into
    return self.read(nbytes, buffer)
  File "/usr/lib64/python3.6/ssl.py", line 833, in read
    return self._sslobj.read(len, buffer)
  File "/usr/lib64/python3.6/ssl.py", line 590, in read
    v = self._sslobj.read(len, buffer)
ssl.SSLError: [SSL: DECRYPTION_FAILED_OR_BAD_RECORD_MAC] decryption failed or bad record mac (_ssl.c:2334)
[pid: 1429|app: 0|req: 1/2] 192.168.11.1 () {48 vars in 915 bytes} [Thu Jun 16 18:39:52 2022] POST /delImplement => generated 290 bytes in 446 msecs (HTTP/1.1 500) 2 headers in 99 bytes (1 switches on core 0)
announcing my loyalty to the Emperor...
[pid: 1430|app: 0|req: 2/3] 192.168.11.1 () {48 vars in 925 bytes} [Thu Jun 16 18:40:38 2022] POST /delSequence => generated 88070 bytes in 6369 msecs (HTTP/1.1 200) 2 headers in 82 bytes (1 switches on core 0)
[pid: 1429|app: 0|req: 2/4] 192.168.11.1 () {48 vars in 917 bytes} [Thu Jun 16 18:41:02 2022] POST /delImplement => generated 17 bytes in 22178 msecs (HTTP/1.1 200) 3 headers in 110 bytes (1 switches on core 0)
...brutally killing workers...
Thu Jun 16 22:35:45 2022 - received message 0 from emperor
worker 1 buried after 1 seconds
worker 2 buried after 1 seconds
binary reloading uWSGI...
chdir() to /JenkinsTest
uwsgi_reload()/chdir(): No such file or directory [core/master_utils.c line 453]
closing all non-uwsgi socket fds > 2 (max_fd = 1024)...
found fd 3 mapped to socket 0 (./uwsgi.sock)
running /usr/local/bin/uwsgi
*** has_emperor mode detected (fd: 7) ***
[uWSGI] getting INI configuration from uwsgi.ini
*** Starting uWSGI 2.0.20 (64bit) on [Thu Jun 16 22:35:46 2022] ***
compiled with version: 4.8.5 20150623 (Red Hat 4.8.5-44) on 15 June 2022 07:55:06
os: Linux-3.10.0-1160.66.1.el7.x86_64 #1 SMP Wed May 18 16:02:34 UTC 2022
nodename: localhost.localdomain
machine: x86_64
clock source: unix
detected number of CPU cores: 1
current working directory: /var/lib/jenkins/workspace/JenkinsTest
detected binary path: /usr/local/bin/uwsgi
!!! no internal routing support, rebuild with pcre support !!!
uWSGI running as root, you can use --uid/--gid/--chroot options
*** WARNING: you are running uWSGI as root !!! (use the --uid flag) *** 
your processes number limit is 3766
your memory page size is 4096 bytes
detected max file descriptor number: 1024
lock engine: pthread robust mutexes
thunder lock: disabled (you can enable it with --thunder-lock)
uwsgi socket 0 inherited UNIX address ./uwsgi.sock fd 3
uWSGI running as root, you can use --uid/--gid/--chroot options
*** WARNING: you are running uWSGI as root !!! (use the --uid flag) *** 
Python version: 3.6.8 (default, Nov 16 2020, 16:55:22)  [GCC 4.8.5 20150623 (Red Hat 4.8.5-44)]
*** Python threads support is disabled. You can enable it with --enable-threads ***
Python main interpreter initialized at 0x26f3e50
uWSGI running as root, you can use --uid/--gid/--chroot options
*** WARNING: you are running uWSGI as root !!! (use the --uid flag) *** 
your server socket listen backlog is limited to 100 connections
your mercy for graceful operations on workers is 60 seconds
mapped 218712 bytes (213 KB) for 2 cores
*** Operational MODE: preforking ***
WSGI app 0 (mountpoint='') ready in 1 seconds on interpreter 0x26f3e50 pid: 656 (default app)
uWSGI running as root, you can use --uid/--gid/--chroot options
*** WARNING: you are running uWSGI as root !!! (use the --uid flag) *** 
*** uWSGI is running in multiple interpreter mode ***
gracefully (RE)spawned uWSGI master process (pid: 656)
spawned uWSGI worker 1 (pid: 18799, cores: 1)
spawned uWSGI worker 2 (pid: 18800, cores: 1)
emperor-i-am-ready-to-accept/write(): Bad file descriptor [core/uwsgi.c line 3578]
Thu Jun 16 22:35:47 2022 - lost communication with the Emperor, goodbye...
Thu Jun 16 22:35:47 2022 - graceful shutdown triggered...
Gracefully killing worker 1 (pid: 18799)...
worker 1 killed successfully (pid: 18799)
Respawned uWSGI worker 1 (new pid: 18802)
emperor-i-am-ready-to-accept/write(): Bad file descriptor [core/uwsgi.c line 3578]
Thu Jun 16 22:35:48 2022 - lost communication with the Emperor, goodbye...
Thu Jun 16 22:35:48 2022 - graceful shutdown triggered...
Gracefully killing worker 1 (pid: 18802)...
worker 1 killed successfully (pid: 18802)
Respawned uWSGI worker 1 (new pid: 18803)
emperor-i-am-ready-to-accept/write(): Bad file descriptor [core/uwsgi.c line 3578]
Thu Jun 16 22:35:49 2022 - lost communication with the Emperor, goodbye...
Thu Jun 16 22:35:49 2022 - graceful shutdown triggered...
Gracefully killing worker 1 (pid: 18803)...
worker 1 killed successfully (pid: 18803)
worker respawning too fast !!! i have to sleep a bit (2 seconds)...
Respawned uWSGI worker 1 (new pid: 18816)
emperor-i-am-ready-to-accept/write(): Bad file descriptor [core/uwsgi.c line 3578]
Thu Jun 16 22:35:52 2022 - lost communication with the Emperor, goodbye...
Thu Jun 16 22:35:52 2022 - graceful shutdown triggered...
Gracefully killing worker 1 (pid: 18816)...
worker 1 killed successfully (pid: 18816)
Respawned uWSGI worker 1 (new pid: 18818)
emperor-i-am-ready-to-accept/write(): Bad file descriptor [core/uwsgi.c line 3578]
Thu Jun 16 22:35:53 2022 - lost communication with the Emperor, goodbye...
Thu Jun 16 22:35:53 2022 - graceful shutdown triggered...
Gracefully killing worker 1 (pid: 18818)...
worker 1 killed successfully (pid: 18818)
Respawned uWSGI worker 1 (new pid: 18819)
emperor-i-am-ready-to-accept/write(): Bad file descriptor [core/uwsgi.c line 3578]
Thu Jun 16 22:35:54 2022 - lost communication with the Emperor, goodbye...
Thu Jun 16 22:35:54 2022 - graceful shutdown triggered...
Gracefully killing worker 1 (pid: 18819)...
worker 1 killed successfully (pid: 18819)
worker respawning too fast !!! i have to sleep a bit (2 seconds)...
Respawned uWSGI worker 1 (new pid: 18823)
emperor-i-am-ready-to-accept/write(): Bad file descriptor [core/uwsgi.c line 3578]
Thu Jun 16 22:35:57 2022 - lost communication with the Emperor, goodbye...
Thu Jun 16 22:35:57 2022 - graceful shutdown triggered...
Gracefully killing worker 1 (pid: 18823)...
worker 1 killed successfully (pid: 18823)
Respawned uWSGI worker 1 (new pid: 18825)
emperor-i-am-ready-to-accept/write(): Bad file descriptor [core/uwsgi.c line 3578]
Thu Jun 16 22:35:58 2022 - lost communication with the Emperor, goodbye...
Thu Jun 16 22:35:58 2022 - graceful shutdown triggered...
Gracefully killing worker 1 (pid: 18825)...
worker 1 killed successfully (pid: 18825)
Respawned uWSGI worker 1 (new pid: 18827)
emperor-i-am-ready-to-accept/write(): Bad file descriptor [core/uwsgi.c line 3578]
Thu Jun 16 22:35:59 2022 - lost communication with the Emperor, goodbye...
Thu Jun 16 22:35:59 2022 - graceful shutdown triggered...
Gracefully killing worker 1 (pid: 18827)...
worker 1 killed successfully (pid: 18827)
worker respawning too fast !!! i have to sleep a bit (2 seconds)...
Respawned uWSGI worker 1 (new pid: 18830)
emperor-i-am-ready-to-accept/write(): Bad file descriptor [core/uwsgi.c line 3578]
Thu Jun 16 22:36:02 2022 - lost communication with the Emperor, goodbye...
Thu Jun 16 22:36:02 2022 - graceful shutdown triggered...
Gracefully killing worker 1 (pid: 18830)...
worker 1 killed successfully (pid: 18830)
Respawned uWSGI worker 1 (new pid: 18832)
emperor-i-am-ready-to-accept/write(): Bad file descriptor [core/uwsgi.c line 3578]
Thu Jun 16 22:36:03 2022 - lost communication with the Emperor, goodbye...
Thu Jun 16 22:36:03 2022 - graceful shutdown triggered...
Gracefully killing worker 1 (pid: 18832)...
worker 1 killed successfully (pid: 18832)
Respawned uWSGI worker 1 (new pid: 18834)
emperor-i-am-ready-to-accept/write(): Bad file descriptor [core/uwsgi.c line 3578]
Thu Jun 16 22:36:04 2022 - lost communication with the Emperor, goodbye...
Thu Jun 16 22:36:04 2022 - graceful shutdown triggered...
Gracefully killing worker 1 (pid: 18834)...
worker 1 killed successfully (pid: 18834)
worker respawning too fast !!! i have to sleep a bit (2 seconds)...
Respawned uWSGI worker 1 (new pid: 18848)
emperor-i-am-ready-to-accept/write(): Bad file descriptor [core/uwsgi.c line 3578]
Thu Jun 16 22:36:07 2022 - lost communication with the Emperor, goodbye...
Thu Jun 16 22:36:07 2022 - graceful shutdown triggered...
Gracefully killing worker 1 (pid: 18848)...
worker 1 killed successfully (pid: 18848)
Respawned uWSGI worker 1 (new pid: 18850)
emperor-i-am-ready-to-accept/write(): Bad file descriptor [core/uwsgi.c line 3578]
Thu Jun 16 22:36:08 2022 - lost communication with the Emperor, goodbye...
Thu Jun 16 22:36:08 2022 - graceful shutdown triggered...
Gracefully killing worker 1 (pid: 18850)...
worker 1 killed successfully (pid: 18850)
Respawned uWSGI worker 1 (new pid: 18851)
emperor-i-am-ready-to-accept/write(): Bad file descriptor [core/uwsgi.c line 3578]
Thu Jun 16 22:36:09 2022 - lost communication with the Emperor, goodbye...
Thu Jun 16 22:36:09 2022 - graceful shutdown triggered...
Gracefully killing worker 1 (pid: 18851)...
worker 1 killed successfully (pid: 18851)
worker respawning too fast !!! i have to sleep a bit (2 seconds)...
Respawned uWSGI worker 1 (new pid: 18873)
emperor-i-am-ready-to-accept/write(): Bad file descriptor [core/uwsgi.c line 3578]
Thu Jun 16 22:36:12 2022 - lost communication with the Emperor, goodbye...
Thu Jun 16 22:36:12 2022 - graceful shutdown triggered...
Gracefully killing worker 1 (pid: 18873)...
worker 1 killed successfully (pid: 18873)
Respawned uWSGI worker 1 (new pid: 18893)
emperor-i-am-ready-to-accept/write(): Bad file descriptor [core/uwsgi.c line 3578]
Thu Jun 16 22:36:13 2022 - lost communication with the Emperor, goodbye...
Thu Jun 16 22:36:13 2022 - graceful shutdown triggered...
Gracefully killing worker 1 (pid: 18893)...
worker 1 killed successfully (pid: 18893)
Respawned uWSGI worker 1 (new pid: 18912)
emperor-i-am-ready-to-accept/write(): Bad file descriptor [core/uwsgi.c line 3578]
Thu Jun 16 22:36:14 2022 - lost communication with the Emperor, goodbye...
Thu Jun 16 22:36:14 2022 - graceful shutdown triggered...
Gracefully killing worker 1 (pid: 18912)...
Thu Jun 16 22:36:15 2022 - uWSGI worker 2 screams: UAAAAAAH my master disconnected: i will kill myself !!!
*** Starting uWSGI 2.0.20 (64bit) on [Thu Jun 16 22:36:52 2022] ***
compiled with version: 4.8.5 20150623 (Red Hat 4.8.5-44) on 15 June 2022 07:55:06
os: Linux-3.10.0-1160.66.1.el7.x86_64 #1 SMP Wed May 18 16:02:34 UTC 2022
nodename: localhost.localdomain
machine: x86_64
clock source: unix
detected number of CPU cores: 1
current working directory: /var/lib/jenkins/workspace/JenkinsTest
writing pidfile to ./uwsgi.pid
detected binary path: /usr/local/bin/uwsgi
!!! no internal routing support, rebuild with pcre support !!!
uWSGI running as root, you can use --uid/--gid/--chroot options
*** WARNING: you are running uWSGI as root !!! (use the --uid flag) *** 
your processes number limit is 3766
your memory page size is 4096 bytes
detected max file descriptor number: 1024
lock engine: pthread robust mutexes
thunder lock: disabled (you can enable it with --thunder-lock)
uwsgi socket 0 bound to UNIX address ./uwsgi.sock fd 3
uWSGI running as root, you can use --uid/--gid/--chroot options
*** WARNING: you are running uWSGI as root !!! (use the --uid flag) *** 
Python version: 3.6.8 (default, Nov 16 2020, 16:55:22)  [GCC 4.8.5 20150623 (Red Hat 4.8.5-44)]
*** Python threads support is disabled. You can enable it with --enable-threads ***
Python main interpreter initialized at 0x199ae90
uWSGI running as root, you can use --uid/--gid/--chroot options
*** WARNING: you are running uWSGI as root !!! (use the --uid flag) *** 
your server socket listen backlog is limited to 100 connections
your mercy for graceful operations on workers is 60 seconds
mapped 218712 bytes (213 KB) for 2 cores
*** Operational MODE: preforking ***
WSGI app 0 (mountpoint='') ready in 1 seconds on interpreter 0x199ae90 pid: 19090 (default app)
uWSGI running as root, you can use --uid/--gid/--chroot options
*** WARNING: you are running uWSGI as root !!! (use the --uid flag) *** 
*** uWSGI is running in multiple interpreter mode ***
spawned uWSGI master process (pid: 19090)
spawned uWSGI worker 1 (pid: 19107, cores: 1)
spawned uWSGI worker 2 (pid: 19108, cores: 1)
[pid: 19107|app: 0|req: 1/1] 192.168.11.1 () {48 vars in 933 bytes} [Thu Jun 16 22:44:05 2022] POST /delSequence => generated 5722 bytes in 37 msecs (HTTP/1.1 200) 2 headers in 81 bytes (1 switches on core 0)
announcing my loyalty to the Emperor...
[pid: 19107|app: 0|req: 2/2] 192.168.11.1 () {40 vars in 714 bytes} [Thu Jun 16 22:44:08 2022] GET /favicon.ico => generated 232 bytes in 1 msecs (HTTP/1.1 404) 2 headers in 87 bytes (1 switches on core 0)
[pid: 19107|app: 0|req: 3/3] 192.168.11.1 () {48 vars in 933 bytes} [Thu Jun 16 22:52:37 2022] POST /delSequence => generated 9177 bytes in 4092 msecs (HTTP/1.1 200) 2 headers in 81 bytes (1 switches on core 0)
Thu Jun 16 22:57:30 2022 - received message 0 from emperor
SIGINT/SIGTERM received...killing workers...
worker 1 buried after 1 seconds
worker 2 buried after 1 seconds
goodbye to uWSGI.
unlink(): No such file or directory [core/uwsgi.c line 1617]
unlink(): No such file or directory [core/uwsgi.c line 1662]
*** Starting uWSGI 2.0.20 (64bit) on [Thu Jun 16 23:19:22 2022] ***
compiled with version: 4.8.5 20150623 (Red Hat 4.8.5-44) on 15 June 2022 07:55:06
os: Linux-3.10.0-1160.66.1.el7.x86_64 #1 SMP Wed May 18 16:02:34 UTC 2022
nodename: localhost.localdomain
machine: x86_64
clock source: unix
detected number of CPU cores: 1
current working directory: /var/lib/jenkins/workspace/JenkinsTest
writing pidfile to ./uwsgi.pid
detected binary path: /usr/local/bin/uwsgi
!!! no internal routing support, rebuild with pcre support !!!
uWSGI running as root, you can use --uid/--gid/--chroot options
*** WARNING: you are running uWSGI as root !!! (use the --uid flag) *** 
your processes number limit is 3766
your memory page size is 4096 bytes
detected max file descriptor number: 1024
lock engine: pthread robust mutexes
thunder lock: disabled (you can enable it with --thunder-lock)
uwsgi socket 0 bound to UNIX address ./uwsgi.sock fd 3
uWSGI running as root, you can use --uid/--gid/--chroot options
*** WARNING: you are running uWSGI as root !!! (use the --uid flag) *** 
Python version: 3.6.8 (default, Nov 16 2020, 16:55:22)  [GCC 4.8.5 20150623 (Red Hat 4.8.5-44)]
*** Python threads support is disabled. You can enable it with --enable-threads ***
Python main interpreter initialized at 0xf7de90
uWSGI running as root, you can use --uid/--gid/--chroot options
*** WARNING: you are running uWSGI as root !!! (use the --uid flag) *** 
your server socket listen backlog is limited to 100 connections
your mercy for graceful operations on workers is 60 seconds
mapped 218712 bytes (213 KB) for 2 cores
*** Operational MODE: preforking ***
WSGI app 0 (mountpoint='') ready in 2 seconds on interpreter 0xf7de90 pid: 22925 (default app)
uWSGI running as root, you can use --uid/--gid/--chroot options
*** WARNING: you are running uWSGI as root !!! (use the --uid flag) *** 
*** uWSGI is running in multiple interpreter mode ***
spawned uWSGI master process (pid: 22925)
spawned uWSGI worker 1 (pid: 22930, cores: 1)
spawned uWSGI worker 2 (pid: 22931, cores: 1)
